<?xml version="1.0" encoding="UTF-8"?>
<!-- Generated by org.testng.reporters.JUnitReportReporter -->
<testsuite hostname="IN-PF28325E" failures="0" tests="1" name="qaclickacadmy.Mavenjava.SeleniumTest" time="0.010" errors="0" timestamp="2021-08-21T10:11:40 IST" skipped="0">
  <testcase classname="qaclickacadmy.Mavenjava.SeleniumTest" name="BrowserAutomation" time="0.010"/>
  <system-out/>
</testsuite> <!-- qaclickacadmy.Mavenjava.SeleniumTest -->
