<?xml version="1.0" encoding="UTF-8"?>
<!-- Generated by org.testng.reporters.JUnitReportReporter -->
<testsuite hostname="IN-PF28325E" failures="0" tests="1" name="qaclickacadmy.Mavenjava.AppiumTest" time="0.008" errors="0" timestamp="2021-08-21T11:07:08 IST" skipped="0">
  <testcase classname="qaclickacadmy.Mavenjava.AppiumTest" name="IOSApps" time="0.008"/>
  <system-out/>
</testsuite> <!-- qaclickacadmy.Mavenjava.AppiumTest -->
