<?xml version="1.0" encoding="UTF-8"?>
<!-- Generated by org.testng.reporters.JUnitReportReporter -->
<testsuite skipped="0" hostname="IN-PF28325E" name="qaclickacadmy.Mavenjava.RESTAPITest" tests="2" failures="0" timestamp="2021-08-21T20:28:48 IST" time="0.004" errors="0">
  <testcase name="deleteTwitter" time="0.000" classname="qaclickacadmy.Mavenjava.RESTAPITest"/>
  <system-out/>
  <testcase name="postJira" time="0.004" classname="qaclickacadmy.Mavenjava.RESTAPITest"/>
  <system-out/>
</testsuite> <!-- qaclickacadmy.Mavenjava.RESTAPITest -->
