<?xml version="1.0" encoding="UTF-8"?>
<!-- Generated by org.testng.reporters.JUnitReportReporter -->
<testsuite skipped="0" hostname="IN-PF28325E" name="qaclickacadmy.Mavenjava.SeleniumTest" tests="2" failures="0" timestamp="2021-08-21T20:28:48 IST" time="0.006" errors="0">
  <testcase name="elementsUi" time="0.000" classname="qaclickacadmy.Mavenjava.SeleniumTest"/>
  <system-out/>
  <testcase name="BrowserAutomation" time="0.006" classname="qaclickacadmy.Mavenjava.SeleniumTest"/>
  <system-out/>
</testsuite> <!-- qaclickacadmy.Mavenjava.SeleniumTest -->
