<?xml version="1.0" encoding="UTF-8"?>
<!-- Generated by org.testng.reporters.JUnitReportReporter -->
<testsuite skipped="0" hostname="IN-PF28325E" name="qaclickacadmy.Mavenjava.AppiumTest" tests="2" failures="0" timestamp="2021-08-21T20:28:48 IST" time="0.000" errors="0">
  <testcase name="IOSApps" time="0.000" classname="qaclickacadmy.Mavenjava.AppiumTest"/>
  <system-out/>
  <testcase name="NativeAppAndroid" time="0.000" classname="qaclickacadmy.Mavenjava.AppiumTest"/>
  <system-out/>
</testsuite> <!-- qaclickacadmy.Mavenjava.AppiumTest -->
